<?xml version="1.0" encoding="UTF-8"?>
<!-- Generated by org.testng.reporters.JUnitReportReporter -->
<testsuite hostname="sunny-PC" failures="0" tests="3" name="implementation.Testclass" time="18.786" errors="0" timestamp="2022-05-22T22:20:06 IST" skipped="0">
  <testcase classname="implementation.Testclass" name="testC" time="5.299"/>
  <system-out/>
  <testcase classname="implementation.Testclass" name="testB" time="5.208"/>
  <system-out/>
  <testcase classname="implementation.Testclass" name="testA" time="8.279"/>
  <system-out/>
</testsuite> <!-- implementation.Testclass -->
