<?xml version="1.0" encoding="UTF-8"?>
<!-- Generated by org.testng.reporters.JUnitReportReporter -->
<testsuite hostname="sunny-PC" failures="0" tests="4" name="pilot.Softassert" time="0.021" errors="0" timestamp="2022-05-18T00:08:04 IST" skipped="0">
  <testcase classname="pilot.Softassert" name="test11" time="0.003"/>
  <system-out/>
  <testcase classname="pilot.Softassert" name="test10" time="0.010"/>
  <system-out/>
  <testcase classname="pilot.Softassert" name="test12" time="0.005"/>
  <system-out/>
  <testcase classname="pilot.Softassert" name="test13" time="0.003"/>
  <system-out/>
</testsuite> <!-- pilot.Softassert -->
