<?xml version="1.0" encoding="UTF-8"?>
<!-- Generated by org.testng.reporters.JUnitReportReporter -->
<testsuite hostname="sunny-PC" failures="0" tests="4" name="pilot.ClassB" time="0.010" errors="0" timestamp="2022-05-14T00:37:41 IST" skipped="0">
  <testcase classname="pilot.ClassB" name="test21" time="0.003"/>
  <system-out/>
  <testcase classname="pilot.ClassB" name="test11" time="0.004"/>
  <system-out/>
  <testcase classname="pilot.ClassB" name="test11" time="0.002"/>
  <system-out/>
  <testcase classname="pilot.ClassB" name="test21" time="0.001"/>
  <system-out/>
</testsuite> <!-- pilot.ClassB -->
